<html>
<head>
<title>TestNG:  Test</title>
<link href="../testng.css" rel="stylesheet" type="text/css" />
<link href="../my-testng.css" rel="stylesheet" type="text/css" />

<style type="text/css">
.log { display: none;} 
.stack-trace { display: none;} 
</style>
<script type="text/javascript">
<!--
function flip(e) {
  current = e.style.display;
  if (current == 'block') {
    e.style.display = 'none';
    return 0;
  }
  else {
    e.style.display = 'block';
    return 1;
  }
}

function toggleBox(szDivId, elem, msg1, msg2)
{
  var res = -1;  if (document.getElementById) {
    res = flip(document.getElementById(szDivId));
  }
  else if (document.all) {
    // this is the way old msie versions work
    res = flip(document.all[szDivId]);
  }
  if(elem) {
    if(res == 0) elem.innerHTML = msg1; else elem.innerHTML = msg2;
  }

}

function toggleAllBoxes() {
  if (document.getElementsByTagName) {
    d = document.getElementsByTagName('div');
    for (i = 0; i < d.length; i++) {
      if (d[i].className == 'log') {
        flip(d[i]);
      }
    }
  }
}

// -->
</script>

</head>
<body>
<h2 align='center'>Test</h2><table border='1' align="center">
<tr>
<td>Tests passed/Failed/Skipped:</td><td>17/5/0</td>
</tr><tr>
<td>Started on:</td><td>Tue Jan 07 15:56:43 IST 2014</td>
</tr>
<tr><td>Total time:</td><td>144 seconds (144337 ms)</td>
</tr><tr>
<td>Included groups:</td><td></td>
</tr><tr>
<td>Excluded groups:</td><td></td>
</tr>
</table><p/>
<small><i>(Hover the method name to see the test class name)</i></small><p/>
<table width='100%' border='1' class='invocation-failed'>
<tr><td colspan='4' align='center'><b>FAILED TESTS</b></td></tr>
<tr><td><b>Test method</b></td>
<td width="30%"><b>Exception</b></td>
<td width="10%"><b>Time (seconds)</b></td>
<td><b>Instance</b></td>
</tr>
<tr>
<td title='com.stc.test.pbs.PBS53.PBS141()'><b>PBS141</b><br>Test class: com.stc.test.pbs.PBS53<br>Parameters: admin, admin, Jing Swang, 111-22-33333, 2Fl, Sky Building, 50-3, Nonhyeon 1-dong, Gangnam-gu, Seoul, Korea 135-011, 080-5455-642, Kim, Jin, 080-5455-642, 080-5455-642, kim@gmail.com, Data is valid</td>
<td><div><pre>java.lang.RuntimeException: Expected Value: Jing Swang not present
	at com.stc.automationengine.WebRobot.assertTextPresent(WebRobot.java:1035)
	at com.stc.assertionmodel.Assert.assertTextPresent(Assert.java:46)
	at com.stc.test.pbs.PBS53.PBS141(PBS53.java:77)
... Removed 23 stack frames</pre></div><a href='#' onClick='toggleBox("stack-trace1882124053", this, "Click to show all stack frames", "Click to hide stack frames")'>Click to show all stack frames</a>
<div class='stack-trace' id='stack-trace1882124053'><pre>java.lang.RuntimeException: Expected Value: Jing Swang not present
	at com.stc.automationengine.WebRobot.assertTextPresent(WebRobot.java:1035)
	at com.stc.assertionmodel.Assert.assertTextPresent(Assert.java:46)
	at com.stc.test.pbs.PBS53.PBS141(PBS53.java:77)
	at sun.reflect.NativeMethodAccessorImpl.invoke0(Native Method)
	at sun.reflect.NativeMethodAccessorImpl.invoke(Unknown Source)
	at sun.reflect.DelegatingMethodAccessorImpl.invoke(Unknown Source)
	at java.lang.reflect.Method.invoke(Unknown Source)
	at org.testng.internal.MethodInvocationHelper.invokeMethod(MethodInvocationHelper.java:84)
	at org.testng.internal.Invoker.invokeMethod(Invoker.java:714)
	at org.testng.internal.Invoker.invokeTestMethod(Invoker.java:901)
	at org.testng.internal.Invoker.invokeTestMethods(Invoker.java:1231)
	at org.testng.internal.TestMethodWorker.invokeTestMethods(TestMethodWorker.java:127)
	at org.testng.internal.TestMethodWorker.run(TestMethodWorker.java:111)
	at org.testng.TestRunner.privateRun(TestRunner.java:767)
	at org.testng.TestRunner.run(TestRunner.java:617)
	at org.testng.SuiteRunner.runTest(SuiteRunner.java:334)
	at org.testng.SuiteRunner.runSequentially(SuiteRunner.java:329)
	at org.testng.SuiteRunner.privateRun(SuiteRunner.java:291)
	at org.testng.SuiteRunner.run(SuiteRunner.java:240)
	at org.testng.SuiteRunnerWorker.runSuite(SuiteRunnerWorker.java:52)
	at org.testng.SuiteRunnerWorker.run(SuiteRunnerWorker.java:86)
	at org.testng.TestNG.runSuitesSequentially(TestNG.java:1224)
	at org.testng.TestNG.runSuitesLocally(TestNG.java:1149)
	at org.testng.TestNG.run(TestNG.java:1057)
	at org.testng.TestNG.privateMain(TestNG.java:1364)
	at org.testng.TestNG.main(TestNG.java:1333)
</pre></div></td>
<td>10</td>
<td>com.stc.test.pbs.PBS53@424ecfdd</td></tr>
<tr>
<td title='com.stc.test.pbs.PBS53.PBS145()'><b>PBS145</b><br>Test class: com.stc.test.pbs.PBS53<br>Parameters: admin, admin, ??/??, 111-22-33333, ??/??, 080-5455-642, ??/??, ??/??, 080-5455-642, 080-5455-642, kim@gmail.com, ??/??</td>
<td><div><pre>java.lang.RuntimeException: Expected Value: ??/?? not present
	at com.stc.automationengine.WebRobot.assertTextPresent(WebRobot.java:1035)
	at com.stc.assertionmodel.Assert.assertTextPresent(Assert.java:46)
	at com.stc.test.pbs.PBS53.PBS145(PBS53.java:159)
... Removed 23 stack frames</pre></div><a href='#' onClick='toggleBox("stack-trace1738931034", this, "Click to show all stack frames", "Click to hide stack frames")'>Click to show all stack frames</a>
<div class='stack-trace' id='stack-trace1738931034'><pre>java.lang.RuntimeException: Expected Value: ??/?? not present
	at com.stc.automationengine.WebRobot.assertTextPresent(WebRobot.java:1035)
	at com.stc.assertionmodel.Assert.assertTextPresent(Assert.java:46)
	at com.stc.test.pbs.PBS53.PBS145(PBS53.java:159)
	at sun.reflect.NativeMethodAccessorImpl.invoke0(Native Method)
	at sun.reflect.NativeMethodAccessorImpl.invoke(Unknown Source)
	at sun.reflect.DelegatingMethodAccessorImpl.invoke(Unknown Source)
	at java.lang.reflect.Method.invoke(Unknown Source)
	at org.testng.internal.MethodInvocationHelper.invokeMethod(MethodInvocationHelper.java:84)
	at org.testng.internal.Invoker.invokeMethod(Invoker.java:714)
	at org.testng.internal.Invoker.invokeTestMethod(Invoker.java:901)
	at org.testng.internal.Invoker.invokeTestMethods(Invoker.java:1231)
	at org.testng.internal.TestMethodWorker.invokeTestMethods(TestMethodWorker.java:127)
	at org.testng.internal.TestMethodWorker.run(TestMethodWorker.java:111)
	at org.testng.TestRunner.privateRun(TestRunner.java:767)
	at org.testng.TestRunner.run(TestRunner.java:617)
	at org.testng.SuiteRunner.runTest(SuiteRunner.java:334)
	at org.testng.SuiteRunner.runSequentially(SuiteRunner.java:329)
	at org.testng.SuiteRunner.privateRun(SuiteRunner.java:291)
	at org.testng.SuiteRunner.run(SuiteRunner.java:240)
	at org.testng.SuiteRunnerWorker.runSuite(SuiteRunnerWorker.java:52)
	at org.testng.SuiteRunnerWorker.run(SuiteRunnerWorker.java:86)
	at org.testng.TestNG.runSuitesSequentially(TestNG.java:1224)
	at org.testng.TestNG.runSuitesLocally(TestNG.java:1149)
	at org.testng.TestNG.run(TestNG.java:1057)
	at org.testng.TestNG.privateMain(TestNG.java:1364)
	at org.testng.TestNG.main(TestNG.java:1333)
</pre></div></td>
<td>9</td>
<td>com.stc.test.pbs.PBS53@424ecfdd</td></tr>
<tr>
<td title='com.stc.test.pbs.PBS53.PBS146()'><b>PBS146</b><br>Test class: com.stc.test.pbs.PBS53<br>Parameters: admin, admin, Jing Swang, 111-22-33333, 2Fl, Sky Building, 50-3, Nonhyeon 1-dong, Gangnam-gu, Seoul, Korea 135-011, 080-5455-642,  , Jin, 080-5455-642, 080-5455-642, kim@gmail.com,  </td>
<td><div><pre>java.lang.RuntimeException: Expected Value: Jing Swang not present
	at com.stc.automationengine.WebRobot.assertTextPresent(WebRobot.java:1035)
	at com.stc.assertionmodel.Assert.assertTextPresent(Assert.java:46)
	at com.stc.test.pbs.PBS53.PBS146(PBS53.java:198)
... Removed 23 stack frames</pre></div><a href='#' onClick='toggleBox("stack-trace1925992450", this, "Click to show all stack frames", "Click to hide stack frames")'>Click to show all stack frames</a>
<div class='stack-trace' id='stack-trace1925992450'><pre>java.lang.RuntimeException: Expected Value: Jing Swang not present
	at com.stc.automationengine.WebRobot.assertTextPresent(WebRobot.java:1035)
	at com.stc.assertionmodel.Assert.assertTextPresent(Assert.java:46)
	at com.stc.test.pbs.PBS53.PBS146(PBS53.java:198)
	at sun.reflect.NativeMethodAccessorImpl.invoke0(Native Method)
	at sun.reflect.NativeMethodAccessorImpl.invoke(Unknown Source)
	at sun.reflect.DelegatingMethodAccessorImpl.invoke(Unknown Source)
	at java.lang.reflect.Method.invoke(Unknown Source)
	at org.testng.internal.MethodInvocationHelper.invokeMethod(MethodInvocationHelper.java:84)
	at org.testng.internal.Invoker.invokeMethod(Invoker.java:714)
	at org.testng.internal.Invoker.invokeTestMethod(Invoker.java:901)
	at org.testng.internal.Invoker.invokeTestMethods(Invoker.java:1231)
	at org.testng.internal.TestMethodWorker.invokeTestMethods(TestMethodWorker.java:127)
	at org.testng.internal.TestMethodWorker.run(TestMethodWorker.java:111)
	at org.testng.TestRunner.privateRun(TestRunner.java:767)
	at org.testng.TestRunner.run(TestRunner.java:617)
	at org.testng.SuiteRunner.runTest(SuiteRunner.java:334)
	at org.testng.SuiteRunner.runSequentially(SuiteRunner.java:329)
	at org.testng.SuiteRunner.privateRun(SuiteRunner.java:291)
	at org.testng.SuiteRunner.run(SuiteRunner.java:240)
	at org.testng.SuiteRunnerWorker.runSuite(SuiteRunnerWorker.java:52)
	at org.testng.SuiteRunnerWorker.run(SuiteRunnerWorker.java:86)
	at org.testng.TestNG.runSuitesSequentially(TestNG.java:1224)
	at org.testng.TestNG.runSuitesLocally(TestNG.java:1149)
	at org.testng.TestNG.run(TestNG.java:1057)
	at org.testng.TestNG.privateMain(TestNG.java:1364)
	at org.testng.TestNG.main(TestNG.java:1333)
</pre></div></td>
<td>10</td>
<td>com.stc.test.pbs.PBS53@424ecfdd</td></tr>
<tr>
<td title='com.stc.test.pbs.PBS52.PBS156()'><b>PBS156</b><br>Test class: com.stc.test.pbs.PBS52<br>Parameters: admin, admin, Jing Swang, 111-22-33333, 2Fl, Sky Building, 50-3, Nonhyeon 1-dong, Gangnam-gu, Seoul, Korea 135-011, 080-5455-642, Kim, Jin, 080-5455-642, 080-5455-642, kim@gmail.com, Data is valid</td>
<td><div><pre>java.lang.RuntimeException: Expected Value: Jing Swang not present
	at com.stc.automationengine.WebRobot.assertTextPresent(WebRobot.java:1035)
	at com.stc.assertionmodel.Assert.assertTextPresent(Assert.java:46)
	at com.stc.test.pbs.PBS52.PBS156(PBS52.java:80)
... Removed 23 stack frames</pre></div><a href='#' onClick='toggleBox("stack-trace2041631548", this, "Click to show all stack frames", "Click to hide stack frames")'>Click to show all stack frames</a>
<div class='stack-trace' id='stack-trace2041631548'><pre>java.lang.RuntimeException: Expected Value: Jing Swang not present
	at com.stc.automationengine.WebRobot.assertTextPresent(WebRobot.java:1035)
	at com.stc.assertionmodel.Assert.assertTextPresent(Assert.java:46)
	at com.stc.test.pbs.PBS52.PBS156(PBS52.java:80)
	at sun.reflect.NativeMethodAccessorImpl.invoke0(Native Method)
	at sun.reflect.NativeMethodAccessorImpl.invoke(Unknown Source)
	at sun.reflect.DelegatingMethodAccessorImpl.invoke(Unknown Source)
	at java.lang.reflect.Method.invoke(Unknown Source)
	at org.testng.internal.MethodInvocationHelper.invokeMethod(MethodInvocationHelper.java:84)
	at org.testng.internal.Invoker.invokeMethod(Invoker.java:714)
	at org.testng.internal.Invoker.invokeTestMethod(Invoker.java:901)
	at org.testng.internal.Invoker.invokeTestMethods(Invoker.java:1231)
	at org.testng.internal.TestMethodWorker.invokeTestMethods(TestMethodWorker.java:127)
	at org.testng.internal.TestMethodWorker.run(TestMethodWorker.java:111)
	at org.testng.TestRunner.privateRun(TestRunner.java:767)
	at org.testng.TestRunner.run(TestRunner.java:617)
	at org.testng.SuiteRunner.runTest(SuiteRunner.java:334)
	at org.testng.SuiteRunner.runSequentially(SuiteRunner.java:329)
	at org.testng.SuiteRunner.privateRun(SuiteRunner.java:291)
	at org.testng.SuiteRunner.run(SuiteRunner.java:240)
	at org.testng.SuiteRunnerWorker.runSuite(SuiteRunnerWorker.java:52)
	at org.testng.SuiteRunnerWorker.run(SuiteRunnerWorker.java:86)
	at org.testng.TestNG.runSuitesSequentially(TestNG.java:1224)
	at org.testng.TestNG.runSuitesLocally(TestNG.java:1149)
	at org.testng.TestNG.run(TestNG.java:1057)
	at org.testng.TestNG.privateMain(TestNG.java:1364)
	at org.testng.TestNG.main(TestNG.java:1333)
</pre></div></td>
<td>11</td>
<td>com.stc.test.pbs.PBS52@811978b</td></tr>
<tr>
<td title='com.stc.test.pbs.PBS52.PBS160()'><b>PBS160</b><br>Test class: com.stc.test.pbs.PBS52<br>Parameters: admin, admin, Jing Swang, 111-22-33333, 2Fl, Sky Building, 50-3, Nonhyeon 1-dong, Gangnam-gu, Seoul, Korea 135-011, 080-5455-642,  , Jin, 080-5455-642, 080-5455-642, kim@gmail.com,  </td>
<td><div><pre>java.lang.RuntimeException: Expected Value: Jing Swang not present
	at com.stc.automationengine.WebRobot.assertTextPresent(WebRobot.java:1035)
	at com.stc.assertionmodel.Assert.assertTextPresent(Assert.java:46)
	at com.stc.test.pbs.PBS52.PBS160(PBS52.java:201)
... Removed 23 stack frames</pre></div><a href='#' onClick='toggleBox("stack-trace344883028", this, "Click to show all stack frames", "Click to hide stack frames")'>Click to show all stack frames</a>
<div class='stack-trace' id='stack-trace344883028'><pre>java.lang.RuntimeException: Expected Value: Jing Swang not present
	at com.stc.automationengine.WebRobot.assertTextPresent(WebRobot.java:1035)
	at com.stc.assertionmodel.Assert.assertTextPresent(Assert.java:46)
	at com.stc.test.pbs.PBS52.PBS160(PBS52.java:201)
	at sun.reflect.NativeMethodAccessorImpl.invoke0(Native Method)
	at sun.reflect.NativeMethodAccessorImpl.invoke(Unknown Source)
	at sun.reflect.DelegatingMethodAccessorImpl.invoke(Unknown Source)
	at java.lang.reflect.Method.invoke(Unknown Source)
	at org.testng.internal.MethodInvocationHelper.invokeMethod(MethodInvocationHelper.java:84)
	at org.testng.internal.Invoker.invokeMethod(Invoker.java:714)
	at org.testng.internal.Invoker.invokeTestMethod(Invoker.java:901)
	at org.testng.internal.Invoker.invokeTestMethods(Invoker.java:1231)
	at org.testng.internal.TestMethodWorker.invokeTestMethods(TestMethodWorker.java:127)
	at org.testng.internal.TestMethodWorker.run(TestMethodWorker.java:111)
	at org.testng.TestRunner.privateRun(TestRunner.java:767)
	at org.testng.TestRunner.run(TestRunner.java:617)
	at org.testng.SuiteRunner.runTest(SuiteRunner.java:334)
	at org.testng.SuiteRunner.runSequentially(SuiteRunner.java:329)
	at org.testng.SuiteRunner.privateRun(SuiteRunner.java:291)
	at org.testng.SuiteRunner.run(SuiteRunner.java:240)
	at org.testng.SuiteRunnerWorker.runSuite(SuiteRunnerWorker.java:52)
	at org.testng.SuiteRunnerWorker.run(SuiteRunnerWorker.java:86)
	at org.testng.TestNG.runSuitesSequentially(TestNG.java:1224)
	at org.testng.TestNG.runSuitesLocally(TestNG.java:1149)
	at org.testng.TestNG.run(TestNG.java:1057)
	at org.testng.TestNG.privateMain(TestNG.java:1364)
	at org.testng.TestNG.main(TestNG.java:1333)
</pre></div></td>
<td>10</td>
<td>com.stc.test.pbs.PBS52@811978b</td></tr>
</table><p>
<table width='100%' border='1' class='invocation-passed'>
<tr><td colspan='4' align='center'><b>PASSED TESTS</b></td></tr>
<tr><td><b>Test method</b></td>
<td width="30%"><b>Exception</b></td>
<td width="10%"><b>Time (seconds)</b></td>
<td><b>Instance</b></td>
</tr>
<tr>
<td title='com.stc.test.pbs.PBS53.PBS139()'><b>PBS139</b><br>Test class: com.stc.test.pbs.PBS53<br>Parameters: admin, admin</td>
<td></td>
<td>1</td>
<td>com.stc.test.pbs.PBS53@424ecfdd</td></tr>
<tr>
<td title='com.stc.test.pbs.PBS53.PBS140()'><b>PBS140</b><br>Test class: com.stc.test.pbs.PBS53<br>Parameters: admin, admin</td>
<td></td>
<td>4</td>
<td>com.stc.test.pbs.PBS53@424ecfdd</td></tr>
<tr>
<td title='com.stc.test.pbs.PBS53.PBS144()'><b>PBS144</b><br>Test class: com.stc.test.pbs.PBS53<br>Parameters: admin, admin, Jing Swang, 111-22-33333, 2Fl, Sky Building, 50-3, Nonhyeon 1-dong, Gangnam-gu, Seoul, Korea 135-011, 080-5455-642, Kim, Jin, 080-5455-642, 080-5455-642, kim@gmail.com, Data is valid</td>
<td></td>
<td>10</td>
<td>com.stc.test.pbs.PBS53@424ecfdd</td></tr>
<tr>
<td title='com.stc.test.pbs.PBS52.PBS154()'><b>PBS154</b><br>Test class: com.stc.test.pbs.PBS52<br>Parameters: admin, admin</td>
<td></td>
<td>11</td>
<td>com.stc.test.pbs.PBS52@811978b</td></tr>
<tr>
<td title='com.stc.test.pbs.PBS52.PBS155()'><b>PBS155</b><br>Test class: com.stc.test.pbs.PBS52<br>Parameters: admin, admin</td>
<td></td>
<td>4</td>
<td>com.stc.test.pbs.PBS52@811978b</td></tr>
<tr>
<td title='com.stc.test.pbs.PBS52.PBS158()'><b>PBS158</b><br>Test class: com.stc.test.pbs.PBS52<br>Parameters: admin, admin, Jing Swang, 111-22-33333, 2Fl, Sky Building, 50-3, Nonhyeon 1-dong, Gangnam-gu, Seoul, Korea 135-011, 080-5455-642, Kim, Jin, 080-5455-642, 080-5455-642, kim@gmail.com, Data is valid</td>
<td></td>
<td>10</td>
<td>com.stc.test.pbs.PBS52@811978b</td></tr>
<tr>
<td title='com.stc.test.pbs.PBS52.PBS159()'><b>PBS159</b><br>Test class: com.stc.test.pbs.PBS52<br>Parameters: admin, admin, ??/??, 111-22-33333, ??/??, 080-5455-642, ??/??, ??/??, 080-5455-642, 080-5455-642, kim@gmail.com, ??/??</td>
<td></td>
<td>9</td>
<td>com.stc.test.pbs.PBS52@811978b</td></tr>
<tr>
<td title='com.stc.test.pbs.PBS3.PBS439()'><b>PBS439</b><br>Test class: com.stc.test.pbs.PBS3<br>Parameters: admin, admin</td>
<td></td>
<td>2</td>
<td>com.stc.test.pbs.PBS3@7426dbec</td></tr>
<tr>
<td title='com.stc.test.pbs.PBS3.PBS440()'><b>PBS440</b><br>Test class: com.stc.test.pbs.PBS3<br>Parameters: admin, admin</td>
<td></td>
<td>4</td>
<td>com.stc.test.pbs.PBS3@7426dbec</td></tr>
<tr>
<td title='com.stc.test.pbs.PBS3.PBS441()'><b>PBS441</b><br>Test class: com.stc.test.pbs.PBS3<br>Parameters: admin, admin</td>
<td></td>
<td>3</td>
<td>com.stc.test.pbs.PBS3@7426dbec</td></tr>
<tr>
<td title='com.stc.test.pbs.PBS3.PBS442()'><b>PBS442</b><br>Test class: com.stc.test.pbs.PBS3<br>Parameters: admin, admin</td>
<td></td>
<td>3</td>
<td>com.stc.test.pbs.PBS3@7426dbec</td></tr>
<tr>
<td title='com.stc.test.pbs.PBS4.PBS443()'><b>PBS443</b><br>Test class: com.stc.test.pbs.PBS4<br>Parameters: admin, admin</td>
<td></td>
<td>2</td>
<td>com.stc.test.pbs.PBS4@409cb0f4</td></tr>
<tr>
<td title='com.stc.test.pbs.PBS4.PBS444()'><b>PBS444</b><br>Test class: com.stc.test.pbs.PBS4<br>Parameters: admin, admin</td>
<td></td>
<td>4</td>
<td>com.stc.test.pbs.PBS4@409cb0f4</td></tr>
<tr>
<td title='com.stc.test.pbs.PBS4.PBS445()'><b>PBS445</b><br>Test class: com.stc.test.pbs.PBS4<br>Parameters: admin, admin</td>
<td></td>
<td>3</td>
<td>com.stc.test.pbs.PBS4@409cb0f4</td></tr>
<tr>
<td title='com.stc.test.pbs.PBS4.PBS446()'><b>PBS446</b><br>Test class: com.stc.test.pbs.PBS4<br>Parameters: admin, admin</td>
<td></td>
<td>3</td>
<td>com.stc.test.pbs.PBS4@409cb0f4</td></tr>
<tr>
<td title='com.stc.test.pbs.PBS52.TC4()'><b>TC4</b><br>Test class: com.stc.test.pbs.PBS52<br>Parameters: admin, admin</td>
<td></td>
<td>5</td>
<td>com.stc.test.pbs.PBS52@811978b</td></tr>
<tr>
<td title='com.stc.test.pbs.PBS53.TC4()'><b>TC4</b><br>Test class: com.stc.test.pbs.PBS53<br>Parameters: admin, admin</td>
<td></td>
<td>4</td>
<td>com.stc.test.pbs.PBS53@424ecfdd</td></tr>
</table><p>
</body>
</html>